2012-09-06 10:44:30 Error: [MissingControllerException] Controller class PostsController could not be found.
#0 /srv/www/hippiejoel.com/public_html/dev/app/webroot/index.php(92): Dispatcher->dispatch(Object(CakeRequest), Object(CakeResponse))
#1 {main}
2012-09-06 10:44:30 Error: [MissingControllerException] Controller class CssController could not be found.
#0 /srv/www/hippiejoel.com/public_html/dev/app/webroot/index.php(92): Dispatcher->dispatch(Object(CakeRequest), Object(CakeResponse))
#1 {main}
2012-09-06 10:44:33 Error: [MissingControllerException] Controller class PostController could not be found.
#0 /srv/www/hippiejoel.com/public_html/dev/app/webroot/index.php(92): Dispatcher->dispatch(Object(CakeRequest), Object(CakeResponse))
#1 {main}
2012-09-06 10:44:33 Error: [MissingControllerException] Controller class CssController could not be found.
#0 /srv/www/hippiejoel.com/public_html/dev/app/webroot/index.php(92): Dispatcher->dispatch(Object(CakeRequest), Object(CakeResponse))
#1 {main}
2012-09-06 10:44:51 Error: [MissingControllerException] Controller class PostController could not be found.
#0 /srv/www/hippiejoel.com/public_html/dev/app/webroot/index.php(92): Dispatcher->dispatch(Object(CakeRequest), Object(CakeResponse))
#1 {main}
2012-09-06 10:44:51 Error: [MissingControllerException] Controller class CssController could not be found.
#0 /srv/www/hippiejoel.com/public_html/dev/app/webroot/index.php(92): Dispatcher->dispatch(Object(CakeRequest), Object(CakeResponse))
#1 {main}
2012-09-06 10:44:52 Error: [MissingControllerException] Controller class CssController could not be found.
#0 /srv/www/hippiejoel.com/public_html/dev/app/webroot/index.php(92): Dispatcher->dispatch(Object(CakeRequest), Object(CakeResponse))
#1 {main}
2012-09-06 11:23:44 Error: [MissingControllerException] Controller class CssController could not be found.
#0 /srv/www/hippiejoel.com/public_html/dev/app/webroot/index.php(92): Dispatcher->dispatch(Object(CakeRequest), Object(CakeResponse))
#1 {main}
2012-09-06 11:29:44 Error: [MissingActionException] Action PostsController::view() could not be found.
#0 /srv/www/hippiejoel.com/public_html/dev/lib/Cake/Routing/Dispatcher.php(186): Controller->invokeAction(Object(CakeRequest))
#1 /srv/www/hippiejoel.com/public_html/dev/lib/Cake/Routing/Dispatcher.php(161): Dispatcher->_invoke(Object(PostsController), Object(CakeRequest), Object(CakeResponse))
#2 /srv/www/hippiejoel.com/public_html/dev/app/webroot/index.php(92): Dispatcher->dispatch(Object(CakeRequest), Object(CakeResponse))
#3 {main}
2012-09-06 12:24:03 Error: [MissingActionException] Action PostsController::view() could not be found.
#0 /srv/www/hippiejoel.com/public_html/dev/lib/Cake/Routing/Dispatcher.php(186): Controller->invokeAction(Object(CakeRequest))
#1 /srv/www/hippiejoel.com/public_html/dev/lib/Cake/Routing/Dispatcher.php(161): Dispatcher->_invoke(Object(PostsController), Object(CakeRequest), Object(CakeResponse))
#2 /srv/www/hippiejoel.com/public_html/dev/app/webroot/index.php(92): Dispatcher->dispatch(Object(CakeRequest), Object(CakeResponse))
#3 {main}
2012-09-06 12:46:46 Error: Fatal Error (4): syntax error, unexpected '-', expecting identifier (T_STRING) or variable (T_VARIABLE) or '{' or '$' in [/srv/www/hippiejoel.com/public_html/dev/app/Controller/PostsController.php, line 16]
2012-09-06 12:46:46 Error: [FatalErrorException] syntax error, unexpected '-', expecting identifier (T_STRING) or variable (T_VARIABLE) or '{' or '$'
#0 /srv/www/hippiejoel.com/public_html/dev/lib/Cake/Error/ErrorHandler.php(162): ErrorHandler::handleFatalError(4, 'syntax error, u...', '/srv/www/hippie...', 16)
#1 [internal function]: ErrorHandler::handleError(4, 'syntax error, u...', '/srv/www/hippie...', 16, Array)
#2 /srv/www/hippiejoel.com/public_html/dev/lib/Cake/Core/App.php(926): call_user_func('ErrorHandler::h...', 4, 'syntax error, u...', '/srv/www/hippie...', 16, Array)
#3 /srv/www/hippiejoel.com/public_html/dev/lib/Cake/Core/App.php(899): App::_checkFatalError()
#4 [internal function]: App::shutdown()
#5 {main}
2012-09-06 12:46:55 Error: Fatal Error (4): syntax error, unexpected '}' in [/srv/www/hippiejoel.com/public_html/dev/app/Controller/PostsController.php, line 25]
2012-09-06 12:46:55 Error: [FatalErrorException] syntax error, unexpected '}'
#0 /srv/www/hippiejoel.com/public_html/dev/lib/Cake/Error/ErrorHandler.php(162): ErrorHandler::handleFatalError(4, 'syntax error, u...', '/srv/www/hippie...', 25)
#1 [internal function]: ErrorHandler::handleError(4, 'syntax error, u...', '/srv/www/hippie...', 25, Array)
#2 /srv/www/hippiejoel.com/public_html/dev/lib/Cake/Core/App.php(926): call_user_func('ErrorHandler::h...', 4, 'syntax error, u...', '/srv/www/hippie...', 25, Array)
#3 /srv/www/hippiejoel.com/public_html/dev/lib/Cake/Core/App.php(899): App::_checkFatalError()
#4 [internal function]: App::shutdown()
#5 {main}
2012-09-06 12:50:38 Error: [MissingControllerException] Controller class AddController could not be found.
#0 /srv/www/hippiejoel.com/public_html/dev/app/webroot/index.php(92): Dispatcher->dispatch(Object(CakeRequest), Object(CakeResponse))
#1 {main}
2012-09-06 12:51:05 Error: [MissingControllerException] Controller class AddController could not be found.
#0 /srv/www/hippiejoel.com/public_html/dev/app/webroot/index.php(92): Dispatcher->dispatch(Object(CakeRequest), Object(CakeResponse))
#1 {main}
2012-09-06 13:03:47 Error: Fatal Error (4): syntax error, unexpected '}', expecting ',' or ';' in [/srv/www/hippiejoel.com/public_html/dev/app/Model/Post.php, line 11]
2012-09-06 13:03:47 Error: [FatalErrorException] syntax error, unexpected '}', expecting ',' or ';'
#0 /srv/www/hippiejoel.com/public_html/dev/lib/Cake/Error/ErrorHandler.php(162): ErrorHandler::handleFatalError(4, 'syntax error, u...', '/srv/www/hippie...', 11)
#1 [internal function]: ErrorHandler::handleError(4, 'syntax error, u...', '/srv/www/hippie...', 11, Array)
#2 /srv/www/hippiejoel.com/public_html/dev/lib/Cake/Core/App.php(926): call_user_func('ErrorHandler::h...', 4, 'syntax error, u...', '/srv/www/hippie...', 11, Array)
#3 /srv/www/hippiejoel.com/public_html/dev/lib/Cake/Core/App.php(899): App::_checkFatalError()
#4 [internal function]: App::shutdown()
#5 {main}
2012-09-06 13:27:15 Error: [MissingConnectionException] Database connection "SQLSTATE[28000] [1045] Access denied for user 'simplicity'@'localhost' (using password: YES)" is missing, or could not be created.
#0 /srv/www/hippiejoel.com/public_html/dev/lib/Cake/Model/Datasource/DboSource.php(260): Mysql->connect()
#1 /srv/www/hippiejoel.com/public_html/dev/lib/Cake/Model/ConnectionManager.php(101): DboSource->__construct(Array)
#2 /srv/www/hippiejoel.com/public_html/dev/lib/Cake/Model/Model.php(3157): ConnectionManager::getDataSource('default')
#3 /srv/www/hippiejoel.com/public_html/dev/lib/Cake/Model/Model.php(1092): Model->setDataSource('default')
#4 /srv/www/hippiejoel.com/public_html/dev/lib/Cake/Model/Model.php(3179): Model->setSource('posts')
#5 /srv/www/hippiejoel.com/public_html/dev/lib/Cake/Model/Model.php(2630): Model->getDataSource()
#6 /srv/www/hippiejoel.com/public_html/dev/app/Controller/PostsController.php(6): Model->find('all')
#7 [internal function]: PostsController->index()
#8 /srv/www/hippiejoel.com/public_html/dev/lib/Cake/Controller/Controller.php(485): ReflectionMethod->invokeArgs(Object(PostsController), Array)
#9 /srv/www/hippiejoel.com/public_html/dev/lib/Cake/Routing/Dispatcher.php(186): Controller->invokeAction(Object(CakeRequest))
#10 /srv/www/hippiejoel.com/public_html/dev/lib/Cake/Routing/Dispatcher.php(161): Dispatcher->_invoke(Object(PostsController), Object(CakeRequest), Object(CakeResponse))
#11 /srv/www/hippiejoel.com/public_html/dev/app/webroot/index.php(92): Dispatcher->dispatch(Object(CakeRequest), Object(CakeResponse))
#12 {main}
2012-09-06 13:36:41 Error: Fatal Error (4): syntax error, unexpected ';', expecting ')' in [/srv/www/hippiejoel.com/public_html/dev/app/Controller/PostsController.php, line 6]
2012-09-06 13:36:41 Error: [FatalErrorException] syntax error, unexpected ';', expecting ')'
#0 /srv/www/hippiejoel.com/public_html/dev/lib/Cake/Error/ErrorHandler.php(162): ErrorHandler::handleFatalError(4, 'syntax error, u...', '/srv/www/hippie...', 6)
#1 [internal function]: ErrorHandler::handleError(4, 'syntax error, u...', '/srv/www/hippie...', 6, Array)
#2 /srv/www/hippiejoel.com/public_html/dev/lib/Cake/Core/App.php(926): call_user_func('ErrorHandler::h...', 4, 'syntax error, u...', '/srv/www/hippie...', 6, Array)
#3 /srv/www/hippiejoel.com/public_html/dev/lib/Cake/Core/App.php(899): App::_checkFatalError()
#4 [internal function]: App::shutdown()
#5 {main}
2012-09-06 13:36:53 Error: Fatal Error (4): syntax error, unexpected ';', expecting ')' in [/srv/www/hippiejoel.com/public_html/dev/app/Controller/PostsController.php, line 6]
2012-09-06 13:36:53 Error: [FatalErrorException] syntax error, unexpected ';', expecting ')'
#0 /srv/www/hippiejoel.com/public_html/dev/lib/Cake/Error/ErrorHandler.php(162): ErrorHandler::handleFatalError(4, 'syntax error, u...', '/srv/www/hippie...', 6)
#1 [internal function]: ErrorHandler::handleError(4, 'syntax error, u...', '/srv/www/hippie...', 6, Array)
#2 /srv/www/hippiejoel.com/public_html/dev/lib/Cake/Core/App.php(926): call_user_func('ErrorHandler::h...', 4, 'syntax error, u...', '/srv/www/hippie...', 6, Array)
#3 /srv/www/hippiejoel.com/public_html/dev/lib/Cake/Core/App.php(899): App::_checkFatalError()
#4 [internal function]: App::shutdown()
#5 {main}
2012-09-06 13:36:54 Error: Fatal Error (4): syntax error, unexpected ';', expecting ')' in [/srv/www/hippiejoel.com/public_html/dev/app/Controller/PostsController.php, line 6]
2012-09-06 13:36:54 Error: [FatalErrorException] syntax error, unexpected ';', expecting ')'
#0 /srv/www/hippiejoel.com/public_html/dev/lib/Cake/Error/ErrorHandler.php(162): ErrorHandler::handleFatalError(4, 'syntax error, u...', '/srv/www/hippie...', 6)
#1 [internal function]: ErrorHandler::handleError(4, 'syntax error, u...', '/srv/www/hippie...', 6, Array)
#2 /srv/www/hippiejoel.com/public_html/dev/lib/Cake/Core/App.php(926): call_user_func('ErrorHandler::h...', 4, 'syntax error, u...', '/srv/www/hippie...', 6, Array)
#3 /srv/www/hippiejoel.com/public_html/dev/lib/Cake/Core/App.php(899): App::_checkFatalError()
#4 [internal function]: App::shutdown()
#5 {main}
2012-09-06 13:36:55 Error: Fatal Error (4): syntax error, unexpected ';', expecting ')' in [/srv/www/hippiejoel.com/public_html/dev/app/Controller/PostsController.php, line 6]
2012-09-06 13:36:55 Error: [FatalErrorException] syntax error, unexpected ';', expecting ')'
#0 /srv/www/hippiejoel.com/public_html/dev/lib/Cake/Error/ErrorHandler.php(162): ErrorHandler::handleFatalError(4, 'syntax error, u...', '/srv/www/hippie...', 6)
#1 [internal function]: ErrorHandler::handleError(4, 'syntax error, u...', '/srv/www/hippie...', 6, Array)
#2 /srv/www/hippiejoel.com/public_html/dev/lib/Cake/Core/App.php(926): call_user_func('ErrorHandler::h...', 4, 'syntax error, u...', '/srv/www/hippie...', 6, Array)
#3 /srv/www/hippiejoel.com/public_html/dev/lib/Cake/Core/App.php(899): App::_checkFatalError()
#4 [internal function]: App::shutdown()
#5 {main}
2012-09-06 13:38:34 Error: [MissingControllerException] Controller class AddController could not be found.
#0 /srv/www/hippiejoel.com/public_html/dev/app/webroot/index.php(92): Dispatcher->dispatch(Object(CakeRequest), Object(CakeResponse))
#1 {main}
2012-09-06 13:38:57 Error: [PDOException] SQLSTATE[42000]: Syntax error or access violation: 1064 You have an error in your SQL syntax; check the manual that corresponds to your MySQL server version for the right syntax to use near 'dsc  LIMIT 10' at line 1
#0 /srv/www/hippiejoel.com/public_html/dev/lib/Cake/Model/Datasource/DboSource.php(461): PDOStatement->execute(Array)
#1 /srv/www/hippiejoel.com/public_html/dev/lib/Cake/Model/Datasource/DboSource.php(427): DboSource->_execute('SELECT `Post`.`...', Array)
#2 /srv/www/hippiejoel.com/public_html/dev/lib/Cake/Model/Datasource/DboSource.php(671): DboSource->execute('SELECT `Post`.`...', Array, Array)
#3 /srv/www/hippiejoel.com/public_html/dev/lib/Cake/Model/Datasource/DboSource.php(1082): DboSource->fetchAll('SELECT `Post`.`...', false)
#4 /srv/www/hippiejoel.com/public_html/dev/lib/Cake/Model/Model.php(2630): DboSource->read(Object(Post), Array)
#5 /srv/www/hippiejoel.com/public_html/dev/lib/Cake/Controller/Component/PaginatorComponent.php(173): Model->find('all', Array)
#6 /srv/www/hippiejoel.com/public_html/dev/lib/Cake/Controller/Controller.php(1082): PaginatorComponent->paginate('Post', Array, Array)
#7 /srv/www/hippiejoel.com/public_html/dev/app/Controller/PostsController.php(13): Controller->paginate('Post')
#8 [internal function]: PostsController->index()
#9 /srv/www/hippiejoel.com/public_html/dev/lib/Cake/Controller/Controller.php(485): ReflectionMethod->invokeArgs(Object(PostsController), Array)
#10 /srv/www/hippiejoel.com/public_html/dev/lib/Cake/Routing/Dispatcher.php(186): Controller->invokeAction(Object(CakeRequest))
#11 /srv/www/hippiejoel.com/public_html/dev/lib/Cake/Routing/Dispatcher.php(161): Dispatcher->_invoke(Object(PostsController), Object(CakeRequest), Object(CakeResponse))
#12 /srv/www/hippiejoel.com/public_html/dev/app/webroot/index.php(92): Dispatcher->dispatch(Object(CakeRequest), Object(CakeResponse))
#13 {main}
2012-09-06 13:38:58 Error: [PDOException] SQLSTATE[42000]: Syntax error or access violation: 1064 You have an error in your SQL syntax; check the manual that corresponds to your MySQL server version for the right syntax to use near 'dsc  LIMIT 10' at line 1
#0 /srv/www/hippiejoel.com/public_html/dev/lib/Cake/Model/Datasource/DboSource.php(461): PDOStatement->execute(Array)
#1 /srv/www/hippiejoel.com/public_html/dev/lib/Cake/Model/Datasource/DboSource.php(427): DboSource->_execute('SELECT `Post`.`...', Array)
#2 /srv/www/hippiejoel.com/public_html/dev/lib/Cake/Model/Datasource/DboSource.php(671): DboSource->execute('SELECT `Post`.`...', Array, Array)
#3 /srv/www/hippiejoel.com/public_html/dev/lib/Cake/Model/Datasource/DboSource.php(1082): DboSource->fetchAll('SELECT `Post`.`...', false)
#4 /srv/www/hippiejoel.com/public_html/dev/lib/Cake/Model/Model.php(2630): DboSource->read(Object(Post), Array)
#5 /srv/www/hippiejoel.com/public_html/dev/lib/Cake/Controller/Component/PaginatorComponent.php(173): Model->find('all', Array)
#6 /srv/www/hippiejoel.com/public_html/dev/lib/Cake/Controller/Controller.php(1082): PaginatorComponent->paginate('Post', Array, Array)
#7 /srv/www/hippiejoel.com/public_html/dev/app/Controller/PostsController.php(13): Controller->paginate('Post')
#8 [internal function]: PostsController->index()
#9 /srv/www/hippiejoel.com/public_html/dev/lib/Cake/Controller/Controller.php(485): ReflectionMethod->invokeArgs(Object(PostsController), Array)
#10 /srv/www/hippiejoel.com/public_html/dev/lib/Cake/Routing/Dispatcher.php(186): Controller->invokeAction(Object(CakeRequest))
#11 /srv/www/hippiejoel.com/public_html/dev/lib/Cake/Routing/Dispatcher.php(161): Dispatcher->_invoke(Object(PostsController), Object(CakeRequest), Object(CakeResponse))
#12 /srv/www/hippiejoel.com/public_html/dev/app/webroot/index.php(92): Dispatcher->dispatch(Object(CakeRequest), Object(CakeResponse))
#13 {main}
2012-09-06 13:39:02 Error: [MissingControllerException] Controller class PostsController could not be found.
#0 /srv/www/hippiejoel.com/public_html/dev/app/webroot/index.php(92): Dispatcher->dispatch(Object(CakeRequest), Object(CakeResponse))
#1 {main}
2012-09-06 13:39:45 Error: [MissingControllerException] Controller class AddController could not be found.
#0 /srv/www/hippiejoel.com/public_html/dev/app/webroot/index.php(92): Dispatcher->dispatch(Object(CakeRequest), Object(CakeResponse))
#1 {main}
2012-09-06 13:40:25 Error: [MissingControllerException] Controller class AddController could not be found.
#0 /srv/www/hippiejoel.com/public_html/dev/app/webroot/index.php(92): Dispatcher->dispatch(Object(CakeRequest), Object(CakeResponse))
#1 {main}
2012-09-06 13:40:48 Error: [MissingControllerException] Controller class AddController could not be found.
#0 /srv/www/hippiejoel.com/public_html/dev/app/webroot/index.php(92): Dispatcher->dispatch(Object(CakeRequest), Object(CakeResponse))
#1 {main}
2012-09-06 13:40:52 Error: [MissingControllerException] Controller class AddController could not be found.
#0 /srv/www/hippiejoel.com/public_html/dev/app/webroot/index.php(92): Dispatcher->dispatch(Object(CakeRequest), Object(CakeResponse))
#1 {main}
2012-09-06 13:40:53 Error: [MissingControllerException] Controller class AddController could not be found.
#0 /srv/www/hippiejoel.com/public_html/dev/app/webroot/index.php(92): Dispatcher->dispatch(Object(CakeRequest), Object(CakeResponse))
#1 {main}
2012-09-06 13:40:54 Error: [MissingControllerException] Controller class AddController could not be found.
#0 /srv/www/hippiejoel.com/public_html/dev/app/webroot/index.php(92): Dispatcher->dispatch(Object(CakeRequest), Object(CakeResponse))
#1 {main}
2012-09-06 13:41:14 Error: [MissingControllerException] Controller class AddController could not be found.
#0 /srv/www/hippiejoel.com/public_html/dev/app/webroot/index.php(92): Dispatcher->dispatch(Object(CakeRequest), Object(CakeResponse))
#1 {main}
2012-09-06 13:41:52 Error: [MissingControllerException] Controller class AddController could not be found.
#0 /srv/www/hippiejoel.com/public_html/dev/app/webroot/index.php(92): Dispatcher->dispatch(Object(CakeRequest), Object(CakeResponse))
#1 {main}
2012-09-06 13:44:53 Error: [MissingControllerException] Controller class AddController could not be found.
#0 /srv/www/hippiejoel.com/public_html/dev/app/webroot/index.php(92): Dispatcher->dispatch(Object(CakeRequest), Object(CakeResponse))
#1 {main}
2012-09-06 13:45:38 Error: [MissingControllerException] Controller class AddController could not be found.
#0 /srv/www/hippiejoel.com/public_html/dev/app/webroot/index.php(92): Dispatcher->dispatch(Object(CakeRequest), Object(CakeResponse))
#1 {main}
2012-09-06 13:46:28 Error: [MissingActionException] Action PagesController::index() could not be found.
#0 /srv/www/hippiejoel.com/public_html/dev/lib/Cake/Routing/Dispatcher.php(186): Controller->invokeAction(Object(CakeRequest))
#1 /srv/www/hippiejoel.com/public_html/dev/lib/Cake/Routing/Dispatcher.php(161): Dispatcher->_invoke(Object(PagesController), Object(CakeRequest), Object(CakeResponse))
#2 /srv/www/hippiejoel.com/public_html/dev/app/webroot/index.php(92): Dispatcher->dispatch(Object(CakeRequest), Object(CakeResponse))
#3 {main}
2012-09-06 13:46:33 Error: [MissingActionException] Action PagesController::add() could not be found.
#0 /srv/www/hippiejoel.com/public_html/dev/lib/Cake/Routing/Dispatcher.php(186): Controller->invokeAction(Object(CakeRequest))
#1 /srv/www/hippiejoel.com/public_html/dev/lib/Cake/Routing/Dispatcher.php(161): Dispatcher->_invoke(Object(PagesController), Object(CakeRequest), Object(CakeResponse))
#2 /srv/www/hippiejoel.com/public_html/dev/app/webroot/index.php(92): Dispatcher->dispatch(Object(CakeRequest), Object(CakeResponse))
#3 {main}
2012-09-06 13:51:58 Error: [MissingControllerException] Controller class AddController could not be found.
#0 /srv/www/hippiejoel.com/public_html/dev/app/webroot/index.php(92): Dispatcher->dispatch(Object(CakeRequest), Object(CakeResponse))
#1 {main}
2012-09-06 14:49:08 Error: Fatal Error (4): syntax error, unexpected '{' in [/srv/www/hippiejoel.com/public_html/dev/app/Controller/PostsController.php, line 38]
2012-09-06 14:49:08 Error: [FatalErrorException] syntax error, unexpected '{'
#0 /srv/www/hippiejoel.com/public_html/dev/lib/Cake/Error/ErrorHandler.php(162): ErrorHandler::handleFatalError(4, 'syntax error, u...', '/srv/www/hippie...', 38)
#1 [internal function]: ErrorHandler::handleError(4, 'syntax error, u...', '/srv/www/hippie...', 38, Array)
#2 /srv/www/hippiejoel.com/public_html/dev/lib/Cake/Core/App.php(926): call_user_func('ErrorHandler::h...', 4, 'syntax error, u...', '/srv/www/hippie...', 38, Array)
#3 /srv/www/hippiejoel.com/public_html/dev/lib/Cake/Core/App.php(899): App::_checkFatalError()
#4 [internal function]: App::shutdown()
#5 {main}
2012-09-06 14:49:23 Error: Fatal Error (4): syntax error, unexpected '}' in [/srv/www/hippiejoel.com/public_html/dev/app/Controller/PostsController.php, line 43]
2012-09-06 14:49:23 Error: [FatalErrorException] syntax error, unexpected '}'
#0 /srv/www/hippiejoel.com/public_html/dev/lib/Cake/Error/ErrorHandler.php(162): ErrorHandler::handleFatalError(4, 'syntax error, u...', '/srv/www/hippie...', 43)
#1 [internal function]: ErrorHandler::handleError(4, 'syntax error, u...', '/srv/www/hippie...', 43, Array)
#2 /srv/www/hippiejoel.com/public_html/dev/lib/Cake/Core/App.php(926): call_user_func('ErrorHandler::h...', 4, 'syntax error, u...', '/srv/www/hippie...', 43, Array)
#3 /srv/www/hippiejoel.com/public_html/dev/lib/Cake/Core/App.php(899): App::_checkFatalError()
#4 [internal function]: App::shutdown()
#5 {main}
2012-09-06 14:49:39 Error: [MissingControllerException] Controller class EditController could not be found.
#0 /srv/www/hippiejoel.com/public_html/dev/app/webroot/index.php(92): Dispatcher->dispatch(Object(CakeRequest), Object(CakeResponse))
#1 {main}
2012-09-06 16:18:25 Error: Fatal Error (4): syntax error, unexpected '$this' (T_VARIABLE), expecting '(' in [/srv/www/hippiejoel.com/public_html/dev/app/Controller/UsersController.php, line 43]
2012-09-06 16:18:25 Error: [FatalErrorException] syntax error, unexpected '$this' (T_VARIABLE), expecting '('
#0 /srv/www/hippiejoel.com/public_html/dev/lib/Cake/Error/ErrorHandler.php(162): ErrorHandler::handleFatalError(4, 'syntax error, u...', '/srv/www/hippie...', 43)
#1 [internal function]: ErrorHandler::handleError(4, 'syntax error, u...', '/srv/www/hippie...', 43, Array)
#2 /srv/www/hippiejoel.com/public_html/dev/lib/Cake/Core/App.php(926): call_user_func('ErrorHandler::h...', 4, 'syntax error, u...', '/srv/www/hippie...', 43, Array)
#3 /srv/www/hippiejoel.com/public_html/dev/lib/Cake/Core/App.php(899): App::_checkFatalError()
#4 [internal function]: App::shutdown()
#5 {main}
2012-09-06 16:18:40 Error: Fatal Error (1): Call to a member function allow() on a non-object in [/srv/www/hippiejoel.com/public_html/dev/app/Controller/UsersController.php, line 5]
2012-09-06 16:18:40 Error: [FatalErrorException] Call to a member function allow() on a non-object
#0 /srv/www/hippiejoel.com/public_html/dev/lib/Cake/Error/ErrorHandler.php(162): ErrorHandler::handleFatalError(1, 'Call to a membe...', '/srv/www/hippie...', 5)
#1 [internal function]: ErrorHandler::handleError(1, 'Call to a membe...', '/srv/www/hippie...', 5, Array)
#2 /srv/www/hippiejoel.com/public_html/dev/lib/Cake/Core/App.php(926): call_user_func('ErrorHandler::h...', 1, 'Call to a membe...', '/srv/www/hippie...', 5, Array)
#3 /srv/www/hippiejoel.com/public_html/dev/lib/Cake/Core/App.php(899): App::_checkFatalError()
#4 [internal function]: App::shutdown()
#5 {main}
2012-09-06 16:21:59 Error: Fatal Error (1): Call to a member function setFlash() on a non-object in [/srv/www/hippiejoel.com/public_html/dev/app/Controller/UsersController.php, line 24]
2012-09-06 16:21:59 Error: [FatalErrorException] Call to a member function setFlash() on a non-object
#0 /srv/www/hippiejoel.com/public_html/dev/lib/Cake/Error/ErrorHandler.php(162): ErrorHandler::handleFatalError(1, 'Call to a membe...', '/srv/www/hippie...', 24)
#1 [internal function]: ErrorHandler::handleError(1, 'Call to a membe...', '/srv/www/hippie...', 24, Array)
#2 /srv/www/hippiejoel.com/public_html/dev/lib/Cake/Core/App.php(926): call_user_func('ErrorHandler::h...', 1, 'Call to a membe...', '/srv/www/hippie...', 24, Array)
#3 /srv/www/hippiejoel.com/public_html/dev/lib/Cake/Core/App.php(899): App::_checkFatalError()
#4 [internal function]: App::shutdown()
#5 {main}
2012-09-06 16:23:02 Error: [MissingActionException] Action UsersController::login() could not be found.
#0 /srv/www/hippiejoel.com/public_html/dev/lib/Cake/Routing/Dispatcher.php(186): Controller->invokeAction(Object(CakeRequest))
#1 /srv/www/hippiejoel.com/public_html/dev/lib/Cake/Routing/Dispatcher.php(161): Dispatcher->_invoke(Object(UsersController), Object(CakeRequest), Object(CakeResponse))
#2 /srv/www/hippiejoel.com/public_html/dev/app/webroot/index.php(92): Dispatcher->dispatch(Object(CakeRequest), Object(CakeResponse))
#3 {main}
2012-09-06 16:35:20 Error: Fatal Error (64): Cannot redeclare UsersController::beforeFilter() in [/srv/www/hippiejoel.com/public_html/dev/app/Controller/UsersController.php, line 66]
2012-09-06 16:35:20 Error: [FatalErrorException] Cannot redeclare UsersController::beforeFilter()
#0 /srv/www/hippiejoel.com/public_html/dev/lib/Cake/Error/ErrorHandler.php(162): ErrorHandler::handleFatalError(64, 'Cannot redeclar...', '/srv/www/hippie...', 66)
#1 [internal function]: ErrorHandler::handleError(64, 'Cannot redeclar...', '/srv/www/hippie...', 66, Array)
#2 /srv/www/hippiejoel.com/public_html/dev/lib/Cake/Core/App.php(926): call_user_func('ErrorHandler::h...', 64, 'Cannot redeclar...', '/srv/www/hippie...', 66, Array)
#3 /srv/www/hippiejoel.com/public_html/dev/lib/Cake/Core/App.php(899): App::_checkFatalError()
#4 [internal function]: App::shutdown()
#5 {main}
2012-09-06 16:39:14 Error: [MissingViewException] View file "/srv/www/hippiejoel.com/public_html/dev/app/View/Users/index.ctp" is missing.
#0 /srv/www/hippiejoel.com/public_html/dev/lib/Cake/View/View.php(472): View->_getViewFileName(NULL)
#1 /srv/www/hippiejoel.com/public_html/dev/lib/Cake/Controller/Controller.php(957): View->render(NULL, NULL)
#2 /srv/www/hippiejoel.com/public_html/dev/lib/Cake/Routing/Dispatcher.php(193): Controller->render()
#3 /srv/www/hippiejoel.com/public_html/dev/lib/Cake/Routing/Dispatcher.php(161): Dispatcher->_invoke(Object(UsersController), Object(CakeRequest), Object(CakeResponse))
#4 /srv/www/hippiejoel.com/public_html/dev/app/webroot/index.php(92): Dispatcher->dispatch(Object(CakeRequest), Object(CakeResponse))
#5 {main}
2012-09-06 16:49:57 Error: [MissingControllerException] Controller class LoginController could not be found.
#0 /srv/www/hippiejoel.com/public_html/dev/app/webroot/index.php(92): Dispatcher->dispatch(Object(CakeRequest), Object(CakeResponse))
#1 {main}
2012-09-06 17:11:57 Error: Fatal Error (1): Call to a member function check() on a non-object in [/srv/www/hippiejoel.com/public_html/dev/app/View/Layouts/default.ctp, line 22]
2012-09-06 17:11:57 Error: [FatalErrorException] Call to a member function check() on a non-object
#0 /srv/www/hippiejoel.com/public_html/dev/lib/Cake/Error/ErrorHandler.php(162): ErrorHandler::handleFatalError(1, 'Call to a membe...', '/srv/www/hippie...', 22)
#1 [internal function]: ErrorHandler::handleError(1, 'Call to a membe...', '/srv/www/hippie...', 22, Array)
#2 /srv/www/hippiejoel.com/public_html/dev/lib/Cake/Core/App.php(926): call_user_func('ErrorHandler::h...', 1, 'Call to a membe...', '/srv/www/hippie...', 22, Array)
#3 /srv/www/hippiejoel.com/public_html/dev/lib/Cake/Core/App.php(899): App::_checkFatalError()
#4 [internal function]: App::shutdown()
#5 {main}
2012-09-06 17:28:49 Error: [MissingControllerException] Controller class UController could not be found.
#0 /srv/www/hippiejoel.com/public_html/dev/app/webroot/index.php(92): Dispatcher->dispatch(Object(CakeRequest), Object(CakeResponse))
#1 {main}
2012-09-06 17:36:52 Error: Fatal Error (4): syntax error, unexpected 'echo' (T_ECHO), expecting ',' or ';' in [/srv/www/hippiejoel.com/public_html/dev/app/View/Posts/view.ctp, line 6]
2012-09-06 17:36:52 Error: [FatalErrorException] syntax error, unexpected 'echo' (T_ECHO), expecting ',' or ';'
#0 /srv/www/hippiejoel.com/public_html/dev/lib/Cake/Error/ErrorHandler.php(162): ErrorHandler::handleFatalError(4, 'syntax error, u...', '/srv/www/hippie...', 6)
#1 [internal function]: ErrorHandler::handleError(4, 'syntax error, u...', '/srv/www/hippie...', 6, Array)
#2 /srv/www/hippiejoel.com/public_html/dev/lib/Cake/Core/App.php(926): call_user_func('ErrorHandler::h...', 4, 'syntax error, u...', '/srv/www/hippie...', 6, Array)
#3 /srv/www/hippiejoel.com/public_html/dev/lib/Cake/Core/App.php(899): App::_checkFatalError()
#4 [internal function]: App::shutdown()
#5 {main}
2012-09-06 17:36:53 Error: Fatal Error (4): syntax error, unexpected 'echo' (T_ECHO), expecting ',' or ';' in [/srv/www/hippiejoel.com/public_html/dev/app/View/Posts/view.ctp, line 6]
2012-09-06 17:36:53 Error: [FatalErrorException] syntax error, unexpected 'echo' (T_ECHO), expecting ',' or ';'
#0 /srv/www/hippiejoel.com/public_html/dev/lib/Cake/Error/ErrorHandler.php(162): ErrorHandler::handleFatalError(4, 'syntax error, u...', '/srv/www/hippie...', 6)
#1 [internal function]: ErrorHandler::handleError(4, 'syntax error, u...', '/srv/www/hippie...', 6, Array)
#2 /srv/www/hippiejoel.com/public_html/dev/lib/Cake/Core/App.php(926): call_user_func('ErrorHandler::h...', 4, 'syntax error, u...', '/srv/www/hippie...', 6, Array)
#3 /srv/www/hippiejoel.com/public_html/dev/lib/Cake/Core/App.php(899): App::_checkFatalError()
#4 [internal function]: App::shutdown()
#5 {main}
2012-09-06 17:57:09 Error: Fatal Error (1): Call to undefined method AuthComponent::disallow() in [/srv/www/hippiejoel.com/public_html/dev/app/Controller/UsersController.php, line 6]
2012-09-06 17:57:09 Error: [FatalErrorException] Call to undefined method AuthComponent::disallow()
#0 /srv/www/hippiejoel.com/public_html/dev/lib/Cake/Error/ErrorHandler.php(162): ErrorHandler::handleFatalError(1, 'Call to undefin...', '/srv/www/hippie...', 6)
#1 [internal function]: ErrorHandler::handleError(1, 'Call to undefin...', '/srv/www/hippie...', 6, Array)
#2 /srv/www/hippiejoel.com/public_html/dev/lib/Cake/Core/App.php(926): call_user_func('ErrorHandler::h...', 1, 'Call to undefin...', '/srv/www/hippie...', 6, Array)
#3 /srv/www/hippiejoel.com/public_html/dev/lib/Cake/Core/App.php(899): App::_checkFatalError()
#4 [internal function]: App::shutdown()
#5 {main}
2012-09-06 18:00:48 Error: [NotFoundException] Invalid user
#0 [internal function]: UsersController->view('1')
#1 /srv/www/hippiejoel.com/public_html/dev/lib/Cake/Controller/Controller.php(485): ReflectionMethod->invokeArgs(Object(UsersController), Array)
#2 /srv/www/hippiejoel.com/public_html/dev/lib/Cake/Routing/Dispatcher.php(186): Controller->invokeAction(Object(CakeRequest))
#3 /srv/www/hippiejoel.com/public_html/dev/lib/Cake/Routing/Dispatcher.php(161): Dispatcher->_invoke(Object(UsersController), Object(CakeRequest), Object(CakeResponse))
#4 /srv/www/hippiejoel.com/public_html/dev/app/webroot/index.php(92): Dispatcher->dispatch(Object(CakeRequest), Object(CakeResponse))
#5 {main}
2012-09-06 18:00:51 Error: [MissingViewException] View file "/srv/www/hippiejoel.com/public_html/dev/app/View/Users/view.ctp" is missing.
#0 /srv/www/hippiejoel.com/public_html/dev/lib/Cake/View/View.php(472): View->_getViewFileName(NULL)
#1 /srv/www/hippiejoel.com/public_html/dev/lib/Cake/Controller/Controller.php(957): View->render(NULL, NULL)
#2 /srv/www/hippiejoel.com/public_html/dev/lib/Cake/Routing/Dispatcher.php(193): Controller->render()
#3 /srv/www/hippiejoel.com/public_html/dev/lib/Cake/Routing/Dispatcher.php(161): Dispatcher->_invoke(Object(UsersController), Object(CakeRequest), Object(CakeResponse))
#4 /srv/www/hippiejoel.com/public_html/dev/app/webroot/index.php(92): Dispatcher->dispatch(Object(CakeRequest), Object(CakeResponse))
#5 {main}
2012-09-06 18:01:41 Error: [MissingViewException] View file "/srv/www/hippiejoel.com/public_html/dev/app/View/Users/view.ctp" is missing.
#0 /srv/www/hippiejoel.com/public_html/dev/lib/Cake/View/View.php(472): View->_getViewFileName(NULL)
#1 /srv/www/hippiejoel.com/public_html/dev/lib/Cake/Controller/Controller.php(957): View->render(NULL, NULL)
#2 /srv/www/hippiejoel.com/public_html/dev/lib/Cake/Routing/Dispatcher.php(193): Controller->render()
#3 /srv/www/hippiejoel.com/public_html/dev/lib/Cake/Routing/Dispatcher.php(161): Dispatcher->_invoke(Object(UsersController), Object(CakeRequest), Object(CakeResponse))
#4 /srv/www/hippiejoel.com/public_html/dev/app/webroot/index.php(92): Dispatcher->dispatch(Object(CakeRequest), Object(CakeResponse))
#5 {main}
2012-09-06 18:01:42 Error: [MissingViewException] View file "/srv/www/hippiejoel.com/public_html/dev/app/View/Users/view.ctp" is missing.
#0 /srv/www/hippiejoel.com/public_html/dev/lib/Cake/View/View.php(472): View->_getViewFileName(NULL)
#1 /srv/www/hippiejoel.com/public_html/dev/lib/Cake/Controller/Controller.php(957): View->render(NULL, NULL)
#2 /srv/www/hippiejoel.com/public_html/dev/lib/Cake/Routing/Dispatcher.php(193): Controller->render()
#3 /srv/www/hippiejoel.com/public_html/dev/lib/Cake/Routing/Dispatcher.php(161): Dispatcher->_invoke(Object(UsersController), Object(CakeRequest), Object(CakeResponse))
#4 /srv/www/hippiejoel.com/public_html/dev/app/webroot/index.php(92): Dispatcher->dispatch(Object(CakeRequest), Object(CakeResponse))
#5 {main}
2012-09-06 18:02:10 Error: [MissingViewException] View file "/srv/www/hippiejoel.com/public_html/dev/app/View/Users/view.ctp" is missing.
#0 /srv/www/hippiejoel.com/public_html/dev/lib/Cake/View/View.php(472): View->_getViewFileName(NULL)
#1 /srv/www/hippiejoel.com/public_html/dev/lib/Cake/Controller/Controller.php(957): View->render(NULL, NULL)
#2 /srv/www/hippiejoel.com/public_html/dev/lib/Cake/Routing/Dispatcher.php(193): Controller->render()
#3 /srv/www/hippiejoel.com/public_html/dev/lib/Cake/Routing/Dispatcher.php(161): Dispatcher->_invoke(Object(UsersController), Object(CakeRequest), Object(CakeResponse))
#4 /srv/www/hippiejoel.com/public_html/dev/app/webroot/index.php(92): Dispatcher->dispatch(Object(CakeRequest), Object(CakeResponse))
#5 {main}
2012-09-06 18:13:00 Error: [MissingControllerException] Controller class AddController could not be found.
#0 /srv/www/hippiejoel.com/public_html/dev/app/webroot/index.php(92): Dispatcher->dispatch(Object(CakeRequest), Object(CakeResponse))
#1 {main}
2012-09-07 09:20:30 Error: Fatal Error (4): syntax error, unexpected '$id' (T_VARIABLE) in [/srv/www/hippiejoel.com/public_html/dev/app/Controller/PostsController.php, line 52]
2012-09-07 09:20:30 Error: [FatalErrorException] syntax error, unexpected '$id' (T_VARIABLE)
#0 /srv/www/hippiejoel.com/public_html/dev/lib/Cake/Error/ErrorHandler.php(162): ErrorHandler::handleFatalError(4, 'syntax error, u...', '/srv/www/hippie...', 52)
#1 [internal function]: ErrorHandler::handleError(4, 'syntax error, u...', '/srv/www/hippie...', 52, Array)
#2 /srv/www/hippiejoel.com/public_html/dev/lib/Cake/Core/App.php(926): call_user_func('ErrorHandler::h...', 4, 'syntax error, u...', '/srv/www/hippie...', 52, Array)
#3 /srv/www/hippiejoel.com/public_html/dev/lib/Cake/Core/App.php(899): App::_checkFatalError()
#4 [internal function]: App::shutdown()
#5 {main}
2012-09-07 19:36:26 Error: [MissingModelException] Pages
#0 /srv/www/hippiejoel.com/public_html/dev/lib/Cake/Controller/Controller.php(1082): PaginatorComponent->paginate('Pages', Array, Array)
#1 /srv/www/hippiejoel.com/public_html/dev/app/Controller/PagesController.php(13): Controller->paginate('Pages')
#2 [internal function]: PagesController->index()
#3 /srv/www/hippiejoel.com/public_html/dev/lib/Cake/Controller/Controller.php(485): ReflectionMethod->invokeArgs(Object(PagesController), Array)
#4 /srv/www/hippiejoel.com/public_html/dev/lib/Cake/Routing/Dispatcher.php(186): Controller->invokeAction(Object(CakeRequest))
#5 /srv/www/hippiejoel.com/public_html/dev/lib/Cake/Routing/Dispatcher.php(161): Dispatcher->_invoke(Object(PagesController), Object(CakeRequest), Object(CakeResponse))
#6 /srv/www/hippiejoel.com/public_html/dev/app/webroot/index.php(92): Dispatcher->dispatch(Object(CakeRequest), Object(CakeResponse))
#7 {main}
2012-09-07 19:36:53 Error: [MissingTableException] Table pages for model Page was not found in datasource default.
#0 /srv/www/hippiejoel.com/public_html/dev/lib/Cake/Model/Model.php(3179): Model->setSource('pages')
#1 /srv/www/hippiejoel.com/public_html/dev/lib/Cake/Model/Model.php(1301): Model->getDataSource()
#2 /srv/www/hippiejoel.com/public_html/dev/lib/Cake/View/Helper/FormHelper.php(197): Model->schema()
#3 /srv/www/hippiejoel.com/public_html/dev/lib/Cake/View/Helper/FormHelper.php(436): FormHelper->_introspectModel('Page', 'fields')
#4 /srv/www/hippiejoel.com/public_html/dev/app/View/Pages/add.ctp(4): FormHelper->create('Page')
#5 /srv/www/hippiejoel.com/public_html/dev/lib/Cake/View/View.php(920): include('/srv/www/hippie...')
#6 /srv/www/hippiejoel.com/public_html/dev/lib/Cake/View/View.php(883): View->_evaluate('/srv/www/hippie...', Array)
#7 /srv/www/hippiejoel.com/public_html/dev/lib/Cake/View/View.php(475): View->_render('/srv/www/hippie...')
#8 /srv/www/hippiejoel.com/public_html/dev/lib/Cake/Controller/Controller.php(957): View->render(NULL, NULL)
#9 /srv/www/hippiejoel.com/public_html/dev/lib/Cake/Routing/Dispatcher.php(193): Controller->render()
#10 /srv/www/hippiejoel.com/public_html/dev/lib/Cake/Routing/Dispatcher.php(161): Dispatcher->_invoke(Object(PagesController), Object(CakeRequest), Object(CakeResponse))
#11 /srv/www/hippiejoel.com/public_html/dev/app/webroot/index.php(92): Dispatcher->dispatch(Object(CakeRequest), Object(CakeResponse))
#12 {main}
2012-09-07 19:36:54 Error: [MissingTableException] Table pages for model Page was not found in datasource default.
#0 /srv/www/hippiejoel.com/public_html/dev/lib/Cake/Model/Model.php(3179): Model->setSource('pages')
#1 /srv/www/hippiejoel.com/public_html/dev/lib/Cake/Model/Model.php(1301): Model->getDataSource()
#2 /srv/www/hippiejoel.com/public_html/dev/lib/Cake/View/Helper/FormHelper.php(197): Model->schema()
#3 /srv/www/hippiejoel.com/public_html/dev/lib/Cake/View/Helper/FormHelper.php(436): FormHelper->_introspectModel('Page', 'fields')
#4 /srv/www/hippiejoel.com/public_html/dev/app/View/Pages/add.ctp(4): FormHelper->create('Page')
#5 /srv/www/hippiejoel.com/public_html/dev/lib/Cake/View/View.php(920): include('/srv/www/hippie...')
#6 /srv/www/hippiejoel.com/public_html/dev/lib/Cake/View/View.php(883): View->_evaluate('/srv/www/hippie...', Array)
#7 /srv/www/hippiejoel.com/public_html/dev/lib/Cake/View/View.php(475): View->_render('/srv/www/hippie...')
#8 /srv/www/hippiejoel.com/public_html/dev/lib/Cake/Controller/Controller.php(957): View->render(NULL, NULL)
#9 /srv/www/hippiejoel.com/public_html/dev/lib/Cake/Routing/Dispatcher.php(193): Controller->render()
#10 /srv/www/hippiejoel.com/public_html/dev/lib/Cake/Routing/Dispatcher.php(161): Dispatcher->_invoke(Object(PagesController), Object(CakeRequest), Object(CakeResponse))
#11 /srv/www/hippiejoel.com/public_html/dev/app/webroot/index.php(92): Dispatcher->dispatch(Object(CakeRequest), Object(CakeResponse))
#12 {main}
2012-09-07 19:39:02 Error: [MissingModelException] Pages
#0 /srv/www/hippiejoel.com/public_html/dev/lib/Cake/Controller/Controller.php(1082): PaginatorComponent->paginate('Pages', Array, Array)
#1 /srv/www/hippiejoel.com/public_html/dev/app/Controller/PagesController.php(13): Controller->paginate('Pages')
#2 [internal function]: PagesController->index()
#3 /srv/www/hippiejoel.com/public_html/dev/lib/Cake/Controller/Controller.php(485): ReflectionMethod->invokeArgs(Object(PagesController), Array)
#4 /srv/www/hippiejoel.com/public_html/dev/lib/Cake/Routing/Dispatcher.php(186): Controller->invokeAction(Object(CakeRequest))
#5 /srv/www/hippiejoel.com/public_html/dev/lib/Cake/Routing/Dispatcher.php(161): Dispatcher->_invoke(Object(PagesController), Object(CakeRequest), Object(CakeResponse))
#6 /srv/www/hippiejoel.com/public_html/dev/app/webroot/index.php(92): Dispatcher->dispatch(Object(CakeRequest), Object(CakeResponse))
#7 {main}
2012-09-07 19:39:30 Error: [MissingModelException] Pages
#0 /srv/www/hippiejoel.com/public_html/dev/lib/Cake/Controller/Controller.php(1082): PaginatorComponent->paginate('Pages', Array, Array)
#1 /srv/www/hippiejoel.com/public_html/dev/app/Controller/PagesController.php(13): Controller->paginate('Pages')
#2 [internal function]: PagesController->index()
#3 /srv/www/hippiejoel.com/public_html/dev/lib/Cake/Controller/Controller.php(485): ReflectionMethod->invokeArgs(Object(PagesController), Array)
#4 /srv/www/hippiejoel.com/public_html/dev/lib/Cake/Routing/Dispatcher.php(186): Controller->invokeAction(Object(CakeRequest))
#5 /srv/www/hippiejoel.com/public_html/dev/lib/Cake/Routing/Dispatcher.php(161): Dispatcher->_invoke(Object(PagesController), Object(CakeRequest), Object(CakeResponse))
#6 /srv/www/hippiejoel.com/public_html/dev/app/webroot/index.php(92): Dispatcher->dispatch(Object(CakeRequest), Object(CakeResponse))
#7 {main}
2012-09-07 19:39:31 Error: [MissingModelException] Pages
#0 /srv/www/hippiejoel.com/public_html/dev/lib/Cake/Controller/Controller.php(1082): PaginatorComponent->paginate('Pages', Array, Array)
#1 /srv/www/hippiejoel.com/public_html/dev/app/Controller/PagesController.php(13): Controller->paginate('Pages')
#2 [internal function]: PagesController->index()
#3 /srv/www/hippiejoel.com/public_html/dev/lib/Cake/Controller/Controller.php(485): ReflectionMethod->invokeArgs(Object(PagesController), Array)
#4 /srv/www/hippiejoel.com/public_html/dev/lib/Cake/Routing/Dispatcher.php(186): Controller->invokeAction(Object(CakeRequest))
#5 /srv/www/hippiejoel.com/public_html/dev/lib/Cake/Routing/Dispatcher.php(161): Dispatcher->_invoke(Object(PagesController), Object(CakeRequest), Object(CakeResponse))
#6 /srv/www/hippiejoel.com/public_html/dev/app/webroot/index.php(92): Dispatcher->dispatch(Object(CakeRequest), Object(CakeResponse))
#7 {main}
2012-09-07 19:39:33 Error: [MissingModelException] Pages
#0 /srv/www/hippiejoel.com/public_html/dev/lib/Cake/Controller/Controller.php(1082): PaginatorComponent->paginate('Pages', Array, Array)
#1 /srv/www/hippiejoel.com/public_html/dev/app/Controller/PagesController.php(13): Controller->paginate('Pages')
#2 [internal function]: PagesController->index()
#3 /srv/www/hippiejoel.com/public_html/dev/lib/Cake/Controller/Controller.php(485): ReflectionMethod->invokeArgs(Object(PagesController), Array)
#4 /srv/www/hippiejoel.com/public_html/dev/lib/Cake/Routing/Dispatcher.php(186): Controller->invokeAction(Object(CakeRequest))
#5 /srv/www/hippiejoel.com/public_html/dev/lib/Cake/Routing/Dispatcher.php(161): Dispatcher->_invoke(Object(PagesController), Object(CakeRequest), Object(CakeResponse))
#6 /srv/www/hippiejoel.com/public_html/dev/app/webroot/index.php(92): Dispatcher->dispatch(Object(CakeRequest), Object(CakeResponse))
#7 {main}
2012-09-07 19:39:53 Error: [MissingModelException] Pages
#0 /srv/www/hippiejoel.com/public_html/dev/lib/Cake/Controller/Controller.php(1082): PaginatorComponent->paginate('Pages', Array, Array)
#1 /srv/www/hippiejoel.com/public_html/dev/app/Controller/PagesController.php(13): Controller->paginate('Pages')
#2 [internal function]: PagesController->index()
#3 /srv/www/hippiejoel.com/public_html/dev/lib/Cake/Controller/Controller.php(485): ReflectionMethod->invokeArgs(Object(PagesController), Array)
#4 /srv/www/hippiejoel.com/public_html/dev/lib/Cake/Routing/Dispatcher.php(186): Controller->invokeAction(Object(CakeRequest))
#5 /srv/www/hippiejoel.com/public_html/dev/lib/Cake/Routing/Dispatcher.php(161): Dispatcher->_invoke(Object(PagesController), Object(CakeRequest), Object(CakeResponse))
#6 /srv/www/hippiejoel.com/public_html/dev/app/webroot/index.php(92): Dispatcher->dispatch(Object(CakeRequest), Object(CakeResponse))
#7 {main}
2012-09-07 19:42:20 Error: Fatal Error (1): Call to a member function read() on a non-object in [/srv/www/hippiejoel.com/public_html/dev/app/Controller/PagesController.php, line 37]
2012-09-07 19:42:20 Error: [FatalErrorException] Call to a member function read() on a non-object
#0 /srv/www/hippiejoel.com/public_html/dev/lib/Cake/Error/ErrorHandler.php(162): ErrorHandler::handleFatalError(1, 'Call to a membe...', '/srv/www/hippie...', 37)
#1 [internal function]: ErrorHandler::handleError(1, 'Call to a membe...', '/srv/www/hippie...', 37, Array)
#2 /srv/www/hippiejoel.com/public_html/dev/lib/Cake/Core/App.php(926): call_user_func('ErrorHandler::h...', 1, 'Call to a membe...', '/srv/www/hippie...', 37, Array)
#3 /srv/www/hippiejoel.com/public_html/dev/lib/Cake/Core/App.php(899): App::_checkFatalError()
#4 [internal function]: App::shutdown()
#5 {main}
2012-09-07 19:46:52 Error: [MissingActionException] Action PagesController::1() could not be found.
#0 /srv/www/hippiejoel.com/public_html/dev/lib/Cake/Routing/Dispatcher.php(186): Controller->invokeAction(Object(CakeRequest))
#1 /srv/www/hippiejoel.com/public_html/dev/lib/Cake/Routing/Dispatcher.php(161): Dispatcher->_invoke(Object(PagesController), Object(CakeRequest), Object(CakeResponse))
#2 /srv/www/hippiejoel.com/public_html/dev/app/webroot/index.php(92): Dispatcher->dispatch(Object(CakeRequest), Object(CakeResponse))
#3 {main}
2012-09-07 19:52:15 Error: [MissingActionException] Action PagesController::1() could not be found.
#0 /srv/www/hippiejoel.com/public_html/dev/lib/Cake/Routing/Dispatcher.php(186): Controller->invokeAction(Object(CakeRequest))
#1 /srv/www/hippiejoel.com/public_html/dev/lib/Cake/Routing/Dispatcher.php(161): Dispatcher->_invoke(Object(PagesController), Object(CakeRequest), Object(CakeResponse))
#2 /srv/www/hippiejoel.com/public_html/dev/app/webroot/index.php(92): Dispatcher->dispatch(Object(CakeRequest), Object(CakeResponse))
#3 {main}
2012-09-07 19:53:55 Error: Fatal Error (4): syntax error, unexpected 'Config' (T_STRING), expecting ')' in [/srv/www/hippiejoel.com/public_html/dev/app/Config/routes.php, line 46]
2012-09-07 19:53:55 Error: [FatalErrorException] syntax error, unexpected 'Config' (T_STRING), expecting ')'
#0 /srv/www/hippiejoel.com/public_html/dev/lib/Cake/Error/ErrorHandler.php(162): ErrorHandler::handleFatalError(4, 'syntax error, u...', '/srv/www/hippie...', 46)
#1 [internal function]: ErrorHandler::handleError(4, 'syntax error, u...', '/srv/www/hippie...', 46, Array)
#2 /srv/www/hippiejoel.com/public_html/dev/lib/Cake/Core/App.php(926): call_user_func('ErrorHandler::h...', 4, 'syntax error, u...', '/srv/www/hippie...', 46, Array)
#3 /srv/www/hippiejoel.com/public_html/dev/lib/Cake/Core/App.php(899): App::_checkFatalError()
#4 [internal function]: App::shutdown()
#5 {main}
2012-09-07 19:59:32 Error: Fatal Error (4): syntax error, unexpected '-', expecting '(' in [/srv/www/hippiejoel.com/public_html/dev/app/Controller/PagesController.php, line 64]
2012-09-07 19:59:32 Error: [FatalErrorException] syntax error, unexpected '-', expecting '('
#0 /srv/www/hippiejoel.com/public_html/dev/lib/Cake/Error/ErrorHandler.php(162): ErrorHandler::handleFatalError(4, 'syntax error, u...', '/srv/www/hippie...', 64)
#1 [internal function]: ErrorHandler::handleError(4, 'syntax error, u...', '/srv/www/hippie...', 64, Array)
#2 /srv/www/hippiejoel.com/public_html/dev/lib/Cake/Core/App.php(926): call_user_func('ErrorHandler::h...', 4, 'syntax error, u...', '/srv/www/hippie...', 64, Array)
#3 /srv/www/hippiejoel.com/public_html/dev/lib/Cake/Core/App.php(899): App::_checkFatalError()
#4 [internal function]: App::shutdown()
#5 {main}
2012-09-07 19:59:50 Error: [MissingViewException] View file "/srv/www/hippiejoel.com/public_html/dev/app/View/Pages/aboutsimplicity.ctp" is missing.
#0 /srv/www/hippiejoel.com/public_html/dev/lib/Cake/View/View.php(472): View->_getViewFileName(NULL)
#1 /srv/www/hippiejoel.com/public_html/dev/lib/Cake/Controller/Controller.php(957): View->render(NULL, NULL)
#2 /srv/www/hippiejoel.com/public_html/dev/lib/Cake/Routing/Dispatcher.php(193): Controller->render()
#3 /srv/www/hippiejoel.com/public_html/dev/lib/Cake/Routing/Dispatcher.php(161): Dispatcher->_invoke(Object(PagesController), Object(CakeRequest), Object(CakeResponse))
#4 /srv/www/hippiejoel.com/public_html/dev/app/webroot/index.php(92): Dispatcher->dispatch(Object(CakeRequest), Object(CakeResponse))
#5 {main}
2012-09-07 19:59:51 Error: [MissingViewException] View file "/srv/www/hippiejoel.com/public_html/dev/app/View/Pages/aboutsimplicity.ctp" is missing.
#0 /srv/www/hippiejoel.com/public_html/dev/lib/Cake/View/View.php(472): View->_getViewFileName(NULL)
#1 /srv/www/hippiejoel.com/public_html/dev/lib/Cake/Controller/Controller.php(957): View->render(NULL, NULL)
#2 /srv/www/hippiejoel.com/public_html/dev/lib/Cake/Routing/Dispatcher.php(193): Controller->render()
#3 /srv/www/hippiejoel.com/public_html/dev/lib/Cake/Routing/Dispatcher.php(161): Dispatcher->_invoke(Object(PagesController), Object(CakeRequest), Object(CakeResponse))
#4 /srv/www/hippiejoel.com/public_html/dev/app/webroot/index.php(92): Dispatcher->dispatch(Object(CakeRequest), Object(CakeResponse))
#5 {main}
2012-09-07 20:06:22 Error: [MissingControllerException] Controller class About-simplicityController could not be found.
#0 /srv/www/hippiejoel.com/public_html/dev/app/webroot/index.php(92): Dispatcher->dispatch(Object(CakeRequest), Object(CakeResponse))
#1 {main}
2012-09-07 20:08:38 Error: [MissingControllerException] Controller class About-simplicityController could not be found.
#0 /srv/www/hippiejoel.com/public_html/dev/app/webroot/index.php(92): Dispatcher->dispatch(Object(CakeRequest), Object(CakeResponse))
#1 {main}
2012-09-07 20:14:55 Error: Fatal Error (4): syntax error, unexpected 'list' (T_LIST), expecting identifier (T_STRING) in [/srv/www/hippiejoel.com/public_html/dev/app/Controller/PostsController.php, line 22]
2012-09-07 20:14:55 Error: [FatalErrorException] syntax error, unexpected 'list' (T_LIST), expecting identifier (T_STRING)
#0 /srv/www/hippiejoel.com/public_html/dev/lib/Cake/Error/ErrorHandler.php(162): ErrorHandler::handleFatalError(4, 'syntax error, u...', '/srv/www/hippie...', 22)
#1 [internal function]: ErrorHandler::handleError(4, 'syntax error, u...', '/srv/www/hippie...', 22, Array)
#2 /srv/www/hippiejoel.com/public_html/dev/lib/Cake/Core/App.php(926): call_user_func('ErrorHandler::h...', 4, 'syntax error, u...', '/srv/www/hippie...', 22, Array)
#3 /srv/www/hippiejoel.com/public_html/dev/lib/Cake/Core/App.php(899): App::_checkFatalError()
#4 [internal function]: App::shutdown()
#5 {main}
2012-09-07 20:16:39 Error: [MissingControllerException] Controller class PostsController could not be found.
#0 /srv/www/hippiejoel.com/public_html/dev/app/webroot/index.php(92): Dispatcher->dispatch(Object(CakeRequest), Object(CakeResponse))
#1 {main}
2012-09-07 20:17:39 Error: [MissingActionException] Action PostsController::lists() could not be found.
#0 /srv/www/hippiejoel.com/public_html/dev/lib/Cake/Routing/Dispatcher.php(186): Controller->invokeAction(Object(CakeRequest))
#1 /srv/www/hippiejoel.com/public_html/dev/lib/Cake/Routing/Dispatcher.php(161): Dispatcher->_invoke(Object(PostsController), Object(CakeRequest), Object(CakeResponse))
#2 /srv/www/hippiejoel.com/public_html/dev/app/webroot/index.php(92): Dispatcher->dispatch(Object(CakeRequest), Object(CakeResponse))
#3 {main}
2012-09-07 20:18:02 Error: [MissingActionException] Action PostsController::lists() could not be found.
#0 /srv/www/hippiejoel.com/public_html/dev/lib/Cake/Routing/Dispatcher.php(186): Controller->invokeAction(Object(CakeRequest))
#1 /srv/www/hippiejoel.com/public_html/dev/lib/Cake/Routing/Dispatcher.php(161): Dispatcher->_invoke(Object(PostsController), Object(CakeRequest), Object(CakeResponse))
#2 /srv/www/hippiejoel.com/public_html/dev/app/webroot/index.php(92): Dispatcher->dispatch(Object(CakeRequest), Object(CakeResponse))
#3 {main}
2012-09-07 20:18:13 Error: [MissingActionException] Action PostsController::lists() could not be found.
#0 /srv/www/hippiejoel.com/public_html/dev/lib/Cake/Routing/Dispatcher.php(186): Controller->invokeAction(Object(CakeRequest))
#1 /srv/www/hippiejoel.com/public_html/dev/lib/Cake/Routing/Dispatcher.php(161): Dispatcher->_invoke(Object(PostsController), Object(CakeRequest), Object(CakeResponse))
#2 /srv/www/hippiejoel.com/public_html/dev/app/webroot/index.php(92): Dispatcher->dispatch(Object(CakeRequest), Object(CakeResponse))
#3 {main}
2012-09-07 20:18:15 Error: [MissingActionException] Action PostsController::lists() could not be found.
#0 /srv/www/hippiejoel.com/public_html/dev/lib/Cake/Routing/Dispatcher.php(186): Controller->invokeAction(Object(CakeRequest))
#1 /srv/www/hippiejoel.com/public_html/dev/lib/Cake/Routing/Dispatcher.php(161): Dispatcher->_invoke(Object(PostsController), Object(CakeRequest), Object(CakeResponse))
#2 /srv/www/hippiejoel.com/public_html/dev/app/webroot/index.php(92): Dispatcher->dispatch(Object(CakeRequest), Object(CakeResponse))
#3 {main}
2012-09-07 20:18:16 Error: [MissingActionException] Action PostsController::lists() could not be found.
#0 /srv/www/hippiejoel.com/public_html/dev/lib/Cake/Routing/Dispatcher.php(186): Controller->invokeAction(Object(CakeRequest))
#1 /srv/www/hippiejoel.com/public_html/dev/lib/Cake/Routing/Dispatcher.php(161): Dispatcher->_invoke(Object(PostsController), Object(CakeRequest), Object(CakeResponse))
#2 /srv/www/hippiejoel.com/public_html/dev/app/webroot/index.php(92): Dispatcher->dispatch(Object(CakeRequest), Object(CakeResponse))
#3 {main}
2012-09-07 20:18:17 Error: [MissingActionException] Action PostsController::lists() could not be found.
#0 /srv/www/hippiejoel.com/public_html/dev/lib/Cake/Routing/Dispatcher.php(186): Controller->invokeAction(Object(CakeRequest))
#1 /srv/www/hippiejoel.com/public_html/dev/lib/Cake/Routing/Dispatcher.php(161): Dispatcher->_invoke(Object(PostsController), Object(CakeRequest), Object(CakeResponse))
#2 /srv/www/hippiejoel.com/public_html/dev/app/webroot/index.php(92): Dispatcher->dispatch(Object(CakeRequest), Object(CakeResponse))
#3 {main}
2012-09-07 20:18:19 Error: [MissingActionException] Action PostsController::lists() could not be found.
#0 /srv/www/hippiejoel.com/public_html/dev/lib/Cake/Routing/Dispatcher.php(186): Controller->invokeAction(Object(CakeRequest))
#1 /srv/www/hippiejoel.com/public_html/dev/lib/Cake/Routing/Dispatcher.php(161): Dispatcher->_invoke(Object(PostsController), Object(CakeRequest), Object(CakeResponse))
#2 /srv/www/hippiejoel.com/public_html/dev/app/webroot/index.php(92): Dispatcher->dispatch(Object(CakeRequest), Object(CakeResponse))
#3 {main}
2012-09-07 20:18:41 Error: [MissingActionException] Action PostsController::lists() could not be found.
#0 /srv/www/hippiejoel.com/public_html/dev/lib/Cake/Routing/Dispatcher.php(186): Controller->invokeAction(Object(CakeRequest))
#1 /srv/www/hippiejoel.com/public_html/dev/lib/Cake/Routing/Dispatcher.php(161): Dispatcher->_invoke(Object(PostsController), Object(CakeRequest), Object(CakeResponse))
#2 /srv/www/hippiejoel.com/public_html/dev/app/webroot/index.php(92): Dispatcher->dispatch(Object(CakeRequest), Object(CakeResponse))
#3 {main}
2012-09-07 20:18:42 Error: [MissingActionException] Action PostsController::lists() could not be found.
#0 /srv/www/hippiejoel.com/public_html/dev/lib/Cake/Routing/Dispatcher.php(186): Controller->invokeAction(Object(CakeRequest))
#1 /srv/www/hippiejoel.com/public_html/dev/lib/Cake/Routing/Dispatcher.php(161): Dispatcher->_invoke(Object(PostsController), Object(CakeRequest), Object(CakeResponse))
#2 /srv/www/hippiejoel.com/public_html/dev/app/webroot/index.php(92): Dispatcher->dispatch(Object(CakeRequest), Object(CakeResponse))
#3 {main}
2012-09-07 20:18:44 Error: [MissingActionException] Action PostsController::lists() could not be found.
#0 /srv/www/hippiejoel.com/public_html/dev/lib/Cake/Routing/Dispatcher.php(186): Controller->invokeAction(Object(CakeRequest))
#1 /srv/www/hippiejoel.com/public_html/dev/lib/Cake/Routing/Dispatcher.php(161): Dispatcher->_invoke(Object(PostsController), Object(CakeRequest), Object(CakeResponse))
#2 /srv/www/hippiejoel.com/public_html/dev/app/webroot/index.php(92): Dispatcher->dispatch(Object(CakeRequest), Object(CakeResponse))
#3 {main}
2012-09-07 20:18:51 Error: [MissingActionException] Action PostsController::lists() could not be found.
#0 /srv/www/hippiejoel.com/public_html/dev/lib/Cake/Routing/Dispatcher.php(186): Controller->invokeAction(Object(CakeRequest))
#1 /srv/www/hippiejoel.com/public_html/dev/lib/Cake/Routing/Dispatcher.php(161): Dispatcher->_invoke(Object(PostsController), Object(CakeRequest), Object(CakeResponse))
#2 /srv/www/hippiejoel.com/public_html/dev/app/webroot/index.php(92): Dispatcher->dispatch(Object(CakeRequest), Object(CakeResponse))
#3 {main}
2012-09-07 20:18:52 Error: [MissingActionException] Action PostsController::lists() could not be found.
#0 /srv/www/hippiejoel.com/public_html/dev/lib/Cake/Routing/Dispatcher.php(186): Controller->invokeAction(Object(CakeRequest))
#1 /srv/www/hippiejoel.com/public_html/dev/lib/Cake/Routing/Dispatcher.php(161): Dispatcher->_invoke(Object(PostsController), Object(CakeRequest), Object(CakeResponse))
#2 /srv/www/hippiejoel.com/public_html/dev/app/webroot/index.php(92): Dispatcher->dispatch(Object(CakeRequest), Object(CakeResponse))
#3 {main}
2012-09-07 20:19:16 Error: [MissingActionException] Action PostsController::lists() could not be found.
#0 /srv/www/hippiejoel.com/public_html/dev/lib/Cake/Routing/Dispatcher.php(186): Controller->invokeAction(Object(CakeRequest))
#1 /srv/www/hippiejoel.com/public_html/dev/lib/Cake/Routing/Dispatcher.php(161): Dispatcher->_invoke(Object(PostsController), Object(CakeRequest), Object(CakeResponse))
#2 /srv/www/hippiejoel.com/public_html/dev/app/webroot/index.php(92): Dispatcher->dispatch(Object(CakeRequest), Object(CakeResponse))
#3 {main}
2012-09-07 20:19:19 Error: [MissingActionException] Action PostsController::lists() could not be found.
#0 /srv/www/hippiejoel.com/public_html/dev/lib/Cake/Routing/Dispatcher.php(186): Controller->invokeAction(Object(CakeRequest))
#1 /srv/www/hippiejoel.com/public_html/dev/lib/Cake/Routing/Dispatcher.php(161): Dispatcher->_invoke(Object(PostsController), Object(CakeRequest), Object(CakeResponse))
#2 /srv/www/hippiejoel.com/public_html/dev/app/webroot/index.php(92): Dispatcher->dispatch(Object(CakeRequest), Object(CakeResponse))
#3 {main}
2012-09-07 20:19:35 Error: [MissingControllerException] Controller class ListsController could not be found.
#0 /srv/www/hippiejoel.com/public_html/dev/app/webroot/index.php(92): Dispatcher->dispatch(Object(CakeRequest), Object(CakeResponse))
#1 {main}
2012-09-07 20:19:58 Error: [MissingActionException] Action PostsController::lists() could not be found.
#0 /srv/www/hippiejoel.com/public_html/dev/lib/Cake/Routing/Dispatcher.php(186): Controller->invokeAction(Object(CakeRequest))
#1 /srv/www/hippiejoel.com/public_html/dev/lib/Cake/Routing/Dispatcher.php(161): Dispatcher->_invoke(Object(PostsController), Object(CakeRequest), Object(CakeResponse))
#2 /srv/www/hippiejoel.com/public_html/dev/app/webroot/index.php(92): Dispatcher->dispatch(Object(CakeRequest), Object(CakeResponse))
#3 {main}
2012-09-07 20:20:13 Error: [MissingActionException] Action PostsController::lists() could not be found.
#0 /srv/www/hippiejoel.com/public_html/dev/lib/Cake/Routing/Dispatcher.php(186): Controller->invokeAction(Object(CakeRequest))
#1 /srv/www/hippiejoel.com/public_html/dev/lib/Cake/Routing/Dispatcher.php(161): Dispatcher->_invoke(Object(PostsController), Object(CakeRequest), Object(CakeResponse))
#2 /srv/www/hippiejoel.com/public_html/dev/app/webroot/index.php(92): Dispatcher->dispatch(Object(CakeRequest), Object(CakeResponse))
#3 {main}
2012-09-07 20:20:14 Error: [MissingActionException] Action PostsController::lists() could not be found.
#0 /srv/www/hippiejoel.com/public_html/dev/lib/Cake/Routing/Dispatcher.php(186): Controller->invokeAction(Object(CakeRequest))
#1 /srv/www/hippiejoel.com/public_html/dev/lib/Cake/Routing/Dispatcher.php(161): Dispatcher->_invoke(Object(PostsController), Object(CakeRequest), Object(CakeResponse))
#2 /srv/www/hippiejoel.com/public_html/dev/app/webroot/index.php(92): Dispatcher->dispatch(Object(CakeRequest), Object(CakeResponse))
#3 {main}
2012-09-07 20:20:16 Error: [MissingActionException] Action PostsController::lists() could not be found.
#0 /srv/www/hippiejoel.com/public_html/dev/lib/Cake/Routing/Dispatcher.php(186): Controller->invokeAction(Object(CakeRequest))
#1 /srv/www/hippiejoel.com/public_html/dev/lib/Cake/Routing/Dispatcher.php(161): Dispatcher->_invoke(Object(PostsController), Object(CakeRequest), Object(CakeResponse))
#2 /srv/www/hippiejoel.com/public_html/dev/app/webroot/index.php(92): Dispatcher->dispatch(Object(CakeRequest), Object(CakeResponse))
#3 {main}
2012-09-07 20:20:17 Error: [MissingActionException] Action PostsController::lists() could not be found.
#0 /srv/www/hippiejoel.com/public_html/dev/lib/Cake/Routing/Dispatcher.php(186): Controller->invokeAction(Object(CakeRequest))
#1 /srv/www/hippiejoel.com/public_html/dev/lib/Cake/Routing/Dispatcher.php(161): Dispatcher->_invoke(Object(PostsController), Object(CakeRequest), Object(CakeResponse))
#2 /srv/www/hippiejoel.com/public_html/dev/app/webroot/index.php(92): Dispatcher->dispatch(Object(CakeRequest), Object(CakeResponse))
#3 {main}
2012-09-07 20:20:18 Error: [MissingActionException] Action PostsController::lists() could not be found.
#0 /srv/www/hippiejoel.com/public_html/dev/lib/Cake/Routing/Dispatcher.php(186): Controller->invokeAction(Object(CakeRequest))
#1 /srv/www/hippiejoel.com/public_html/dev/lib/Cake/Routing/Dispatcher.php(161): Dispatcher->_invoke(Object(PostsController), Object(CakeRequest), Object(CakeResponse))
#2 /srv/www/hippiejoel.com/public_html/dev/app/webroot/index.php(92): Dispatcher->dispatch(Object(CakeRequest), Object(CakeResponse))
#3 {main}
2012-09-07 20:21:31 Error: [MissingActionException] Action PostsController::lists() could not be found.
#0 /srv/www/hippiejoel.com/public_html/dev/lib/Cake/Routing/Dispatcher.php(186): Controller->invokeAction(Object(CakeRequest))
#1 /srv/www/hippiejoel.com/public_html/dev/lib/Cake/Routing/Dispatcher.php(161): Dispatcher->_invoke(Object(PostsController), Object(CakeRequest), Object(CakeResponse))
#2 /srv/www/hippiejoel.com/public_html/dev/app/webroot/index.php(92): Dispatcher->dispatch(Object(CakeRequest), Object(CakeResponse))
#3 {main}
2012-09-07 20:21:36 Error: [MissingActionException] Action PostsController::lists() could not be found.
#0 /srv/www/hippiejoel.com/public_html/dev/lib/Cake/Routing/Dispatcher.php(186): Controller->invokeAction(Object(CakeRequest))
#1 /srv/www/hippiejoel.com/public_html/dev/lib/Cake/Routing/Dispatcher.php(161): Dispatcher->_invoke(Object(PostsController), Object(CakeRequest), Object(CakeResponse))
#2 /srv/www/hippiejoel.com/public_html/dev/app/webroot/index.php(92): Dispatcher->dispatch(Object(CakeRequest), Object(CakeResponse))
#3 {main}
2012-09-07 20:21:37 Error: [MissingActionException] Action PostsController::list() could not be found.
#0 /srv/www/hippiejoel.com/public_html/dev/lib/Cake/Routing/Dispatcher.php(186): Controller->invokeAction(Object(CakeRequest))
#1 /srv/www/hippiejoel.com/public_html/dev/lib/Cake/Routing/Dispatcher.php(161): Dispatcher->_invoke(Object(PostsController), Object(CakeRequest), Object(CakeResponse))
#2 /srv/www/hippiejoel.com/public_html/dev/app/webroot/index.php(92): Dispatcher->dispatch(Object(CakeRequest), Object(CakeResponse))
#3 {main}
2012-09-07 20:21:38 Error: [MissingActionException] Action PostsController::list() could not be found.
#0 /srv/www/hippiejoel.com/public_html/dev/lib/Cake/Routing/Dispatcher.php(186): Controller->invokeAction(Object(CakeRequest))
#1 /srv/www/hippiejoel.com/public_html/dev/lib/Cake/Routing/Dispatcher.php(161): Dispatcher->_invoke(Object(PostsController), Object(CakeRequest), Object(CakeResponse))
#2 /srv/www/hippiejoel.com/public_html/dev/app/webroot/index.php(92): Dispatcher->dispatch(Object(CakeRequest), Object(CakeResponse))
#3 {main}
2012-09-07 20:21:49 Error: [MissingActionException] Action PostsController::list() could not be found.
#0 /srv/www/hippiejoel.com/public_html/dev/lib/Cake/Routing/Dispatcher.php(186): Controller->invokeAction(Object(CakeRequest))
#1 /srv/www/hippiejoel.com/public_html/dev/lib/Cake/Routing/Dispatcher.php(161): Dispatcher->_invoke(Object(PostsController), Object(CakeRequest), Object(CakeResponse))
#2 /srv/www/hippiejoel.com/public_html/dev/app/webroot/index.php(92): Dispatcher->dispatch(Object(CakeRequest), Object(CakeResponse))
#3 {main}
2012-09-07 20:22:48 Error: [MissingControllerException] Controller class NewController could not be found.
#0 /srv/www/hippiejoel.com/public_html/dev/app/webroot/index.php(92): Dispatcher->dispatch(Object(CakeRequest), Object(CakeResponse))
#1 {main}
2012-09-07 20:22:59 Error: [MissingControllerException] Controller class NewlController could not be found.
#0 /srv/www/hippiejoel.com/public_html/dev/app/webroot/index.php(92): Dispatcher->dispatch(Object(CakeRequest), Object(CakeResponse))
#1 {main}
2012-09-07 20:23:00 Error: [MissingControllerException] Controller class NewlController could not be found.
#0 /srv/www/hippiejoel.com/public_html/dev/app/webroot/index.php(92): Dispatcher->dispatch(Object(CakeRequest), Object(CakeResponse))
#1 {main}
